
*** Running vivado
    with args -log design_2_wrapper.vdi -applog -m64 -product Vivado -messageDb vivado.pb -mode batch -source design_2_wrapper.tcl -notrace



****** Vivado v2020.1 (64-bit)
  **** SW Build 2902540 on Wed May 27 19:54:49 MDT 2020
  **** IP Build 2902112 on Wed May 27 22:43:36 MDT 2020
    ** Copyright 1986-2020 Xilinx, Inc. All Rights Reserved.

source design_2_wrapper.tcl -notrace
INFO: [IP_Flow 19-234] Refreshing IP repositories
INFO: [IP_Flow 19-1700] Loaded user IP repository 'd:/school/hw_security/fpga-power-side-channel-attack/ring_oscillator'.
INFO: [IP_Flow 19-2313] Loaded Vivado IP repository 'D:/Xilinx/Vivado/2020.1/data/ip'.
WARNING: [IP_Flow 19-4995] The host OS only allows 260 characters in a normal path. The IP cache path is more than 80 characters. If you experience issues with IP caching, please consider changing the IP cache to a location with a shorter path. Alternately consider using the OS subst command to map part of the path to a drive letter. 
Current IP cache path is D:/School/HW_security/fpga-power-side-channel-attack/Ring_Oscillator/Ring_Oscillator.cache/ip 
Command: link_design -top design_2_wrapper -part xc7z010clg400-1
Design is defaulting to srcset: sources_1
Design is defaulting to constrset: constrs_1
INFO: [Device 21-403] Loading part xc7z010clg400-1
INFO: [Project 1-454] Reading design checkpoint 'd:/School/HW_security/fpga-power-side-channel-attack/Ring_Oscillator/Ring_Oscillator.srcs/sources_1/bd/design_2/ip/design_2_c_counter_binary_0_0/design_2_c_counter_binary_0_0.dcp' for cell 'design_2_i/c_counter_binary_0'
INFO: [Project 1-454] Reading design checkpoint 'd:/School/HW_security/fpga-power-side-channel-attack/Ring_Oscillator/Ring_Oscillator.srcs/sources_1/bd/design_2/ip/design_2_clk_wiz_1_0/design_2_clk_wiz_1_0.dcp' for cell 'design_2_i/clk_wiz_1'
INFO: [Project 1-454] Reading design checkpoint 'd:/School/HW_security/fpga-power-side-channel-attack/Ring_Oscillator/Ring_Oscillator.srcs/sources_1/bd/design_2/ip/design_2_ila_0_0/design_2_ila_0_0.dcp' for cell 'design_2_i/ila_0'
INFO: [Project 1-454] Reading design checkpoint 'd:/School/HW_security/fpga-power-side-channel-attack/Ring_Oscillator/Ring_Oscillator.srcs/sources_1/bd/design_2/ip/design_2_power_virus_bank_0_0/design_2_power_virus_bank_0_0.dcp' for cell 'design_2_i/power_virus_bank_0'
INFO: [Project 1-454] Reading design checkpoint 'd:/School/HW_security/fpga-power-side-channel-attack/Ring_Oscillator/Ring_Oscillator.srcs/sources_1/bd/design_2/ip/design_2_ring_osc_top_0_1/design_2_ring_osc_top_0_1.dcp' for cell 'design_2_i/ring_osc_top_0'
INFO: [Project 1-454] Reading design checkpoint 'd:/School/HW_security/fpga-power-side-channel-attack/Ring_Oscillator/Ring_Oscillator.srcs/sources_1/bd/design_2/ip/design_2_util_vector_logic_0_0/design_2_util_vector_logic_0_0.dcp' for cell 'design_2_i/util_vector_logic_0'
INFO: [Project 1-454] Reading design checkpoint 'd:/School/HW_security/fpga-power-side-channel-attack/Ring_Oscillator/Ring_Oscillator.srcs/sources_1/bd/design_2/ip/design_2_util_vector_logic_1_0/design_2_util_vector_logic_1_0.dcp' for cell 'design_2_i/util_vector_logic_1'
INFO: [Project 1-454] Reading design checkpoint 'd:/School/HW_security/fpga-power-side-channel-attack/Ring_Oscillator/Ring_Oscillator.srcs/sources_1/bd/design_2/ip/design_2_vio_0_0/design_2_vio_0_0.dcp' for cell 'design_2_i/vio_0'
INFO: [Project 1-454] Reading design checkpoint 'd:/School/HW_security/fpga-power-side-channel-attack/Ring_Oscillator/Ring_Oscillator.srcs/sources_1/bd/design_2/ip/design_2_power_virus_bank_0_0/design_2_power_virus_bank_0_0.dcp' for cell 'design_2_i/power_virus_bank_0'
13 Infos, 1 Warnings, 0 Critical Warnings and 1 Errors encountered.
link_design failed
ERROR: [Common 17-70] Application Exception: Failed to stitch checkpoint 'd:/School/HW_security/fpga-power-side-channel-attack/Ring_Oscillator/Ring_Oscillator.srcs/sources_1/bd/design_2/ip/design_2_power_virus_bank_0_0/design_2_power_virus_bank_0_0.dcp' at cell 'design_2_i/power_virus_bank_0'.
INFO: [Common 17-206] Exiting Vivado at Mon May  3 16:32:55 2021...
