
*** Running vivado
    with args -log design_2_wrapper.vds -m64 -product Vivado -mode batch -messageDb vivado.pb -notrace -source design_2_wrapper.tcl



****** Vivado v2020.1 (64-bit)
  **** SW Build 2902540 on Wed May 27 19:54:49 MDT 2020
  **** IP Build 2902112 on Wed May 27 22:43:36 MDT 2020
    ** Copyright 1986-2020 Xilinx, Inc. All Rights Reserved.

source design_2_wrapper.tcl -notrace
INFO: [IP_Flow 19-234] Refreshing IP repositories
INFO: [IP_Flow 19-1700] Loaded user IP repository 'd:/school/hw_security/fpga-power-side-channel-attack/ring_oscillator'.
INFO: [IP_Flow 19-2313] Loaded Vivado IP repository 'D:/Xilinx/Vivado/2020.1/data/ip'.
WARNING: [IP_Flow 19-4995] The host OS only allows 260 characters in a normal path. The IP cache path is more than 80 characters. If you experience issues with IP caching, please consider changing the IP cache to a location with a shorter path. Alternately consider using the OS subst command to map part of the path to a drive letter. 
Current IP cache path is d:/School/HW_security/fpga-power-side-channel-attack/Ring_Oscillator/Ring_Oscillator.cache/ip 
add_files: Time (s): cpu = 00:00:02 ; elapsed = 00:00:06 . Memory (MB): peak = 1073.539 ; gain = 0.000
Command: synth_design -top design_2_wrapper -part xc7z010clg400-1
Starting synth_design
Attempting to get a license for feature 'Synthesis' and/or device 'xc7z010'
INFO: [Common 17-349] Got license for feature 'Synthesis' and/or device 'xc7z010'
INFO: [Device 21-403] Loading part xc7z010clg400-1
INFO: [Synth 8-7079] Multithreading enabled for synth_design using a maximum of 2 processes.
INFO: [Synth 8-7078] Launching helper process for spawning children vivado processes
INFO: [Synth 8-7075] Helper process launched with PID 10460
---------------------------------------------------------------------------------
Starting RTL Elaboration : Time (s): cpu = 00:00:05 ; elapsed = 00:00:05 . Memory (MB): peak = 1073.539 ; gain = 0.000
---------------------------------------------------------------------------------
INFO: [Synth 8-6157] synthesizing module 'design_2_wrapper' [D:/School/HW_security/fpga-power-side-channel-attack/Ring_Oscillator/Ring_Oscillator.srcs/sources_1/bd/design_2/hdl/design_2_wrapper.v:12]
WARNING: [Synth 8-4446] all outputs are unconnected for this instance and logic may be removed [D:/School/HW_security/fpga-power-side-channel-attack/Ring_Oscillator/Ring_Oscillator.srcs/sources_1/bd/design_2/hdl/design_2_wrapper.v:21]
INFO: [Synth 8-6157] synthesizing module 'design_2' [D:/School/HW_security/fpga-power-side-channel-attack/Ring_Oscillator/Ring_Oscillator.srcs/sources_1/bd/design_2/synth/design_2.v:13]
INFO: [Synth 8-6157] synthesizing module 'design_2_c_counter_binary_0_0' [D:/School/HW_security/fpga-power-side-channel-attack/Ring_Oscillator/Ring_Oscillator.runs/synth_1/.Xil/Vivado-19820-DESKTOP-UQS3LAH/realtime/design_2_c_counter_binary_0_0_stub.v:6]
INFO: [Synth 8-6155] done synthesizing module 'design_2_c_counter_binary_0_0' (1#1) [D:/School/HW_security/fpga-power-side-channel-attack/Ring_Oscillator/Ring_Oscillator.runs/synth_1/.Xil/Vivado-19820-DESKTOP-UQS3LAH/realtime/design_2_c_counter_binary_0_0_stub.v:6]
INFO: [Synth 8-6157] synthesizing module 'design_2_clk_wiz_1_0' [D:/School/HW_security/fpga-power-side-channel-attack/Ring_Oscillator/Ring_Oscillator.runs/synth_1/.Xil/Vivado-19820-DESKTOP-UQS3LAH/realtime/design_2_clk_wiz_1_0_stub.v:5]
INFO: [Synth 8-6155] done synthesizing module 'design_2_clk_wiz_1_0' (2#1) [D:/School/HW_security/fpga-power-side-channel-attack/Ring_Oscillator/Ring_Oscillator.runs/synth_1/.Xil/Vivado-19820-DESKTOP-UQS3LAH/realtime/design_2_clk_wiz_1_0_stub.v:5]
WARNING: [Synth 8-7071] port 'locked' of module 'design_2_clk_wiz_1_0' is unconnected for instance 'clk_wiz_1' [D:/School/HW_security/fpga-power-side-channel-attack/Ring_Oscillator/Ring_Oscillator.srcs/sources_1/bd/design_2/synth/design_2.v:38]
WARNING: [Synth 8-7023] instance 'clk_wiz_1' of module 'design_2_clk_wiz_1_0' has 5 connections declared, but only 4 given [D:/School/HW_security/fpga-power-side-channel-attack/Ring_Oscillator/Ring_Oscillator.srcs/sources_1/bd/design_2/synth/design_2.v:38]
WARNING: [Synth 8-4446] all outputs are unconnected for this instance and logic may be removed [D:/School/HW_security/fpga-power-side-channel-attack/Ring_Oscillator/Ring_Oscillator.srcs/sources_1/bd/design_2/synth/design_2.v:43]
INFO: [Synth 8-6157] synthesizing module 'design_2_ila_0_0' [D:/School/HW_security/fpga-power-side-channel-attack/Ring_Oscillator/Ring_Oscillator.runs/synth_1/.Xil/Vivado-19820-DESKTOP-UQS3LAH/realtime/design_2_ila_0_0_stub.v:6]
INFO: [Synth 8-6155] done synthesizing module 'design_2_ila_0_0' (3#1) [D:/School/HW_security/fpga-power-side-channel-attack/Ring_Oscillator/Ring_Oscillator.runs/synth_1/.Xil/Vivado-19820-DESKTOP-UQS3LAH/realtime/design_2_ila_0_0_stub.v:6]
WARNING: [Synth 8-4446] all outputs are unconnected for this instance and logic may be removed [D:/School/HW_security/fpga-power-side-channel-attack/Ring_Oscillator/Ring_Oscillator.srcs/sources_1/bd/design_2/synth/design_2.v:47]
INFO: [Synth 8-6157] synthesizing module 'design_2_power_virus_bank_0_0' [D:/School/HW_security/fpga-power-side-channel-attack/Ring_Oscillator/Ring_Oscillator.runs/synth_1/.Xil/Vivado-19820-DESKTOP-UQS3LAH/realtime/design_2_power_virus_bank_0_0_stub.v:6]
INFO: [Synth 8-6155] done synthesizing module 'design_2_power_virus_bank_0_0' (4#1) [D:/School/HW_security/fpga-power-side-channel-attack/Ring_Oscillator/Ring_Oscillator.runs/synth_1/.Xil/Vivado-19820-DESKTOP-UQS3LAH/realtime/design_2_power_virus_bank_0_0_stub.v:6]
INFO: [Synth 8-6157] synthesizing module 'design_2_ring_osc_top_0_1' [D:/School/HW_security/fpga-power-side-channel-attack/Ring_Oscillator/Ring_Oscillator.runs/synth_1/.Xil/Vivado-19820-DESKTOP-UQS3LAH/realtime/design_2_ring_osc_top_0_1_stub.v:6]
INFO: [Synth 8-6155] done synthesizing module 'design_2_ring_osc_top_0_1' (5#1) [D:/School/HW_security/fpga-power-side-channel-attack/Ring_Oscillator/Ring_Oscillator.runs/synth_1/.Xil/Vivado-19820-DESKTOP-UQS3LAH/realtime/design_2_ring_osc_top_0_1_stub.v:6]
INFO: [Synth 8-6157] synthesizing module 'design_2_util_vector_logic_0_0' [D:/School/HW_security/fpga-power-side-channel-attack/Ring_Oscillator/Ring_Oscillator.runs/synth_1/.Xil/Vivado-19820-DESKTOP-UQS3LAH/realtime/design_2_util_vector_logic_0_0_stub.v:6]
INFO: [Synth 8-6155] done synthesizing module 'design_2_util_vector_logic_0_0' (6#1) [D:/School/HW_security/fpga-power-side-channel-attack/Ring_Oscillator/Ring_Oscillator.runs/synth_1/.Xil/Vivado-19820-DESKTOP-UQS3LAH/realtime/design_2_util_vector_logic_0_0_stub.v:6]
INFO: [Synth 8-6157] synthesizing module 'design_2_util_vector_logic_1_0' [D:/School/HW_security/fpga-power-side-channel-attack/Ring_Oscillator/Ring_Oscillator.runs/synth_1/.Xil/Vivado-19820-DESKTOP-UQS3LAH/realtime/design_2_util_vector_logic_1_0_stub.v:6]
INFO: [Synth 8-6155] done synthesizing module 'design_2_util_vector_logic_1_0' (7#1) [D:/School/HW_security/fpga-power-side-channel-attack/Ring_Oscillator/Ring_Oscillator.runs/synth_1/.Xil/Vivado-19820-DESKTOP-UQS3LAH/realtime/design_2_util_vector_logic_1_0_stub.v:6]
INFO: [Synth 8-6157] synthesizing module 'design_2_vio_0_0' [D:/School/HW_security/fpga-power-side-channel-attack/Ring_Oscillator/Ring_Oscillator.runs/synth_1/.Xil/Vivado-19820-DESKTOP-UQS3LAH/realtime/design_2_vio_0_0_stub.v:6]
INFO: [Synth 8-6155] done synthesizing module 'design_2_vio_0_0' (8#1) [D:/School/HW_security/fpga-power-side-channel-attack/Ring_Oscillator/Ring_Oscillator.runs/synth_1/.Xil/Vivado-19820-DESKTOP-UQS3LAH/realtime/design_2_vio_0_0_stub.v:6]
INFO: [Synth 8-6157] synthesizing module 'design_2_xlslice_0_0' [d:/School/HW_security/fpga-power-side-channel-attack/Ring_Oscillator/Ring_Oscillator.srcs/sources_1/bd/design_2/ip/design_2_xlslice_0_0/synth/design_2_xlslice_0_0.v:57]
INFO: [Synth 8-6157] synthesizing module 'xlslice_v1_0_2_xlslice' [d:/School/HW_security/fpga-power-side-channel-attack/Ring_Oscillator/Ring_Oscillator.srcs/sources_1/bd/design_2/ipshared/11d0/hdl/xlslice_v1_0_vl_rfs.v:13]
	Parameter DIN_WIDTH bound to: 16 - type: integer 
	Parameter DIN_FROM bound to: 13 - type: integer 
	Parameter DIN_TO bound to: 13 - type: integer 
INFO: [Synth 8-6155] done synthesizing module 'xlslice_v1_0_2_xlslice' (9#1) [d:/School/HW_security/fpga-power-side-channel-attack/Ring_Oscillator/Ring_Oscillator.srcs/sources_1/bd/design_2/ipshared/11d0/hdl/xlslice_v1_0_vl_rfs.v:13]
INFO: [Synth 8-6155] done synthesizing module 'design_2_xlslice_0_0' (10#1) [d:/School/HW_security/fpga-power-side-channel-attack/Ring_Oscillator/Ring_Oscillator.srcs/sources_1/bd/design_2/ip/design_2_xlslice_0_0/synth/design_2_xlslice_0_0.v:57]
INFO: [Synth 8-6071] Mark debug on the nets applies keep_hierarchy on instance 'vio_0'. This will prevent further optimization [D:/School/HW_security/fpga-power-side-channel-attack/Ring_Oscillator/Ring_Oscillator.srcs/sources_1/bd/design_2/synth/design_2.v:61]
INFO: [Synth 8-6071] Mark debug on the nets applies keep_hierarchy on instance 'util_vector_logic_0'. This will prevent further optimization [D:/School/HW_security/fpga-power-side-channel-attack/Ring_Oscillator/Ring_Oscillator.srcs/sources_1/bd/design_2/synth/design_2.v:54]
INFO: [Synth 8-6071] Mark debug on the nets applies keep_hierarchy on instance 'c_counter_binary_0'. This will prevent further optimization [D:/School/HW_security/fpga-power-side-channel-attack/Ring_Oscillator/Ring_Oscillator.srcs/sources_1/bd/design_2/synth/design_2.v:34]
INFO: [Synth 8-6071] Mark debug on the nets applies keep_hierarchy on instance 'power_virus_bank_0'. This will prevent further optimization [D:/School/HW_security/fpga-power-side-channel-attack/Ring_Oscillator/Ring_Oscillator.srcs/sources_1/bd/design_2/synth/design_2.v:47]
INFO: [Synth 8-6071] Mark debug on the nets applies keep_hierarchy on instance 'ring_osc_top_0'. This will prevent further optimization [D:/School/HW_security/fpga-power-side-channel-attack/Ring_Oscillator/Ring_Oscillator.srcs/sources_1/bd/design_2/synth/design_2.v:50]
INFO: [Synth 8-6071] Mark debug on the nets applies keep_hierarchy on instance 'ila_0'. This will prevent further optimization [D:/School/HW_security/fpga-power-side-channel-attack/Ring_Oscillator/Ring_Oscillator.srcs/sources_1/bd/design_2/synth/design_2.v:43]
INFO: [Synth 8-6155] done synthesizing module 'design_2' (11#1) [D:/School/HW_security/fpga-power-side-channel-attack/Ring_Oscillator/Ring_Oscillator.srcs/sources_1/bd/design_2/synth/design_2.v:13]
INFO: [Synth 8-6155] done synthesizing module 'design_2_wrapper' (12#1) [D:/School/HW_security/fpga-power-side-channel-attack/Ring_Oscillator/Ring_Oscillator.srcs/sources_1/bd/design_2/hdl/design_2_wrapper.v:12]
---------------------------------------------------------------------------------
Finished RTL Elaboration : Time (s): cpu = 00:00:07 ; elapsed = 00:00:07 . Memory (MB): peak = 1073.539 ; gain = 0.000
---------------------------------------------------------------------------------
---------------------------------------------------------------------------------
Start Handling Custom Attributes
---------------------------------------------------------------------------------
---------------------------------------------------------------------------------
Finished Handling Custom Attributes : Time (s): cpu = 00:00:07 ; elapsed = 00:00:07 . Memory (MB): peak = 1073.539 ; gain = 0.000
---------------------------------------------------------------------------------
---------------------------------------------------------------------------------
Finished RTL Optimization Phase 1 : Time (s): cpu = 00:00:07 ; elapsed = 00:00:07 . Memory (MB): peak = 1073.539 ; gain = 0.000
---------------------------------------------------------------------------------
Netlist sorting complete. Time (s): cpu = 00:00:00 ; elapsed = 00:00:00.001 . Memory (MB): peak = 1073.539 ; gain = 0.000
INFO: [Project 1-570] Preparing netlist for logic optimization

Processing XDC Constraints
Initializing timing engine
Parsing XDC File [d:/School/HW_security/fpga-power-side-channel-attack/Ring_Oscillator/Ring_Oscillator.srcs/sources_1/bd/design_2/ip/design_2_ila_0_0/design_2_ila_0_0/design_2_ila_0_0_in_context.xdc] for cell 'design_2_i/ila_0'
Finished Parsing XDC File [d:/School/HW_security/fpga-power-side-channel-attack/Ring_Oscillator/Ring_Oscillator.srcs/sources_1/bd/design_2/ip/design_2_ila_0_0/design_2_ila_0_0/design_2_ila_0_0_in_context.xdc] for cell 'design_2_i/ila_0'
Parsing XDC File [d:/School/HW_security/fpga-power-side-channel-attack/Ring_Oscillator/Ring_Oscillator.srcs/sources_1/bd/design_2/ip/design_2_vio_0_0/design_2_vio_0_0/design_2_vio_0_0_in_context.xdc] for cell 'design_2_i/vio_0'
Finished Parsing XDC File [d:/School/HW_security/fpga-power-side-channel-attack/Ring_Oscillator/Ring_Oscillator.srcs/sources_1/bd/design_2/ip/design_2_vio_0_0/design_2_vio_0_0/design_2_vio_0_0_in_context.xdc] for cell 'design_2_i/vio_0'
Parsing XDC File [d:/School/HW_security/fpga-power-side-channel-attack/Ring_Oscillator/Ring_Oscillator.srcs/sources_1/bd/design_2/ip/design_2_c_counter_binary_0_0/design_2_c_counter_binary_0_0/design_2_c_counter_binary_0_0_in_context.xdc] for cell 'design_2_i/c_counter_binary_0'
Finished Parsing XDC File [d:/School/HW_security/fpga-power-side-channel-attack/Ring_Oscillator/Ring_Oscillator.srcs/sources_1/bd/design_2/ip/design_2_c_counter_binary_0_0/design_2_c_counter_binary_0_0/design_2_c_counter_binary_0_0_in_context.xdc] for cell 'design_2_i/c_counter_binary_0'
Parsing XDC File [d:/School/HW_security/fpga-power-side-channel-attack/Ring_Oscillator/Ring_Oscillator.srcs/sources_1/bd/design_2/ip/design_2_util_vector_logic_0_0/design_2_util_vector_logic_0_0/design_1_util_vector_logic_0_0_in_context.xdc] for cell 'design_2_i/util_vector_logic_0'
Finished Parsing XDC File [d:/School/HW_security/fpga-power-side-channel-attack/Ring_Oscillator/Ring_Oscillator.srcs/sources_1/bd/design_2/ip/design_2_util_vector_logic_0_0/design_2_util_vector_logic_0_0/design_1_util_vector_logic_0_0_in_context.xdc] for cell 'design_2_i/util_vector_logic_0'
Parsing XDC File [d:/School/HW_security/fpga-power-side-channel-attack/Ring_Oscillator/Ring_Oscillator.srcs/sources_1/bd/design_2/ip/design_2_clk_wiz_1_0/design_2_clk_wiz_1_0/design_2_clk_wiz_1_0_in_context.xdc] for cell 'design_2_i/clk_wiz_1'
WARNING: [Vivado 12-584] No ports matched ''. [d:/School/HW_security/fpga-power-side-channel-attack/Ring_Oscillator/Ring_Oscillator.srcs/sources_1/bd/design_2/ip/design_2_clk_wiz_1_0/design_2_clk_wiz_1_0/design_2_clk_wiz_1_0_in_context.xdc:1]
WARNING: [Vivado 12-584] No ports matched ''. [d:/School/HW_security/fpga-power-side-channel-attack/Ring_Oscillator/Ring_Oscillator.srcs/sources_1/bd/design_2/ip/design_2_clk_wiz_1_0/design_2_clk_wiz_1_0/design_2_clk_wiz_1_0_in_context.xdc:4]
WARNING: [Vivado 12-584] No ports matched ''. [d:/School/HW_security/fpga-power-side-channel-attack/Ring_Oscillator/Ring_Oscillator.srcs/sources_1/bd/design_2/ip/design_2_clk_wiz_1_0/design_2_clk_wiz_1_0/design_2_clk_wiz_1_0_in_context.xdc:6]
Finished Parsing XDC File [d:/School/HW_security/fpga-power-side-channel-attack/Ring_Oscillator/Ring_Oscillator.srcs/sources_1/bd/design_2/ip/design_2_clk_wiz_1_0/design_2_clk_wiz_1_0/design_2_clk_wiz_1_0_in_context.xdc] for cell 'design_2_i/clk_wiz_1'
Parsing XDC File [d:/School/HW_security/fpga-power-side-channel-attack/Ring_Oscillator/Ring_Oscillator.srcs/sources_1/bd/design_2/ip/design_2_ring_osc_top_0_1/design_2_ring_osc_top_0_1/design_2_ring_osc_top_0_1_in_context.xdc] for cell 'design_2_i/ring_osc_top_0'
Finished Parsing XDC File [d:/School/HW_security/fpga-power-side-channel-attack/Ring_Oscillator/Ring_Oscillator.srcs/sources_1/bd/design_2/ip/design_2_ring_osc_top_0_1/design_2_ring_osc_top_0_1/design_2_ring_osc_top_0_1_in_context.xdc] for cell 'design_2_i/ring_osc_top_0'
Parsing XDC File [d:/School/HW_security/fpga-power-side-channel-attack/Ring_Oscillator/Ring_Oscillator.srcs/sources_1/bd/design_2/ip/design_2_util_vector_logic_1_0/design_2_util_vector_logic_1_0/design_2_util_vector_logic_1_0_in_context.xdc] for cell 'design_2_i/util_vector_logic_1'
Finished Parsing XDC File [d:/School/HW_security/fpga-power-side-channel-attack/Ring_Oscillator/Ring_Oscillator.srcs/sources_1/bd/design_2/ip/design_2_util_vector_logic_1_0/design_2_util_vector_logic_1_0/design_2_util_vector_logic_1_0_in_context.xdc] for cell 'design_2_i/util_vector_logic_1'
Parsing XDC File [d:/School/HW_security/fpga-power-side-channel-attack/Ring_Oscillator/Ring_Oscillator.srcs/sources_1/bd/design_2/ip/design_2_power_virus_bank_0_0/design_2_power_virus_bank_0_0/design_2_power_virus_bank_0_0_in_context.xdc] for cell 'design_2_i/power_virus_bank_0'
Finished Parsing XDC File [d:/School/HW_security/fpga-power-side-channel-attack/Ring_Oscillator/Ring_Oscillator.srcs/sources_1/bd/design_2/ip/design_2_power_virus_bank_0_0/design_2_power_virus_bank_0_0/design_2_power_virus_bank_0_0_in_context.xdc] for cell 'design_2_i/power_virus_bank_0'
Parsing XDC File [D:/Xilinx/Vivado/2020.1_Projects/Tutorials/blinky/blinky.srcs/constrs_1/new/LED_ILA_test.xdc]
Finished Parsing XDC File [D:/Xilinx/Vivado/2020.1_Projects/Tutorials/blinky/blinky.srcs/constrs_1/new/LED_ILA_test.xdc]
INFO: [Project 1-236] Implementation specific constraints were found while reading constraint file [D:/Xilinx/Vivado/2020.1_Projects/Tutorials/blinky/blinky.srcs/constrs_1/new/LED_ILA_test.xdc]. These constraints will be ignored for synthesis but will be used in implementation. Impacted constraints are listed in the file [.Xil/design_2_wrapper_propImpl.xdc].
Resolution: To avoid this warning, move constraints listed in [.Xil/design_2_wrapper_propImpl.xdc] to another XDC file and exclude this new file from synthesis with the used_in_synthesis property (File Properties dialog in GUI) and re-run elaboration/synthesis.
Parsing XDC File [D:/School/HW_security/fpga-power-side-channel-attack/Ring_Oscillator/Ring_Oscillator.srcs/constrs_1/new/Ring_Osc.xdc]
WARNING: [Vivado 12-507] No nets matched 'design_1_i/RO_counter_*/inst/osc_1/osc_out'. [D:/School/HW_security/fpga-power-side-channel-attack/Ring_Oscillator/Ring_Oscillator.srcs/constrs_1/new/Ring_Osc.xdc:8]
WARNING: [Vivado 12-507] No nets matched 'design_2_i/ring_osc_top_0/inst/ROs[*].RO_i/osc_1/osc_out'. [D:/School/HW_security/fpga-power-side-channel-attack/Ring_Oscillator/Ring_Oscillator.srcs/constrs_1/new/Ring_Osc.xdc:9]
Finished Parsing XDC File [D:/School/HW_security/fpga-power-side-channel-attack/Ring_Oscillator/Ring_Oscillator.srcs/constrs_1/new/Ring_Osc.xdc]
WARNING: [Project 1-498] One or more constraints failed evaluation while reading constraint file [D:/School/HW_security/fpga-power-side-channel-attack/Ring_Oscillator/Ring_Oscillator.srcs/constrs_1/new/Ring_Osc.xdc] and the design contains unresolved black boxes. These constraints will be read post-synthesis (as long as their source constraint file is marked as used_in_implementation) and should be applied correctly then. You should review the constraints listed in the file [.Xil/design_2_wrapper_propImpl.xdc] and check the run log file to verify that these constraints were correctly applied.
INFO: [Project 1-236] Implementation specific constraints were found while reading constraint file [D:/School/HW_security/fpga-power-side-channel-attack/Ring_Oscillator/Ring_Oscillator.srcs/constrs_1/new/Ring_Osc.xdc]. These constraints will be ignored for synthesis but will be used in implementation. Impacted constraints are listed in the file [.Xil/design_2_wrapper_propImpl.xdc].
Resolution: To avoid this warning, move constraints listed in [.Xil/design_2_wrapper_propImpl.xdc] to another XDC file and exclude this new file from synthesis with the used_in_synthesis property (File Properties dialog in GUI) and re-run elaboration/synthesis.
Parsing XDC File [D:/School/HW_security/fpga-power-side-channel-attack/Ring_Oscillator/Ring_Oscillator.runs/synth_1/dont_touch.xdc]
Finished Parsing XDC File [D:/School/HW_security/fpga-power-side-channel-attack/Ring_Oscillator/Ring_Oscillator.runs/synth_1/dont_touch.xdc]
Completed Processing XDC Constraints

Netlist sorting complete. Time (s): cpu = 00:00:00 ; elapsed = 00:00:00 . Memory (MB): peak = 1105.887 ; gain = 0.000
INFO: [Project 1-111] Unisim Transformation Summary:
No Unisim elements were transformed.

Constraint Validation Runtime : Time (s): cpu = 00:00:00 ; elapsed = 00:00:00.009 . Memory (MB): peak = 1105.887 ; gain = 0.000
---------------------------------------------------------------------------------
Finished Constraint Validation : Time (s): cpu = 00:00:15 ; elapsed = 00:00:16 . Memory (MB): peak = 1105.887 ; gain = 32.348
---------------------------------------------------------------------------------
---------------------------------------------------------------------------------
Start Loading Part and Timing Information
---------------------------------------------------------------------------------
Loading part: xc7z010clg400-1
---------------------------------------------------------------------------------
Finished Loading Part and Timing Information : Time (s): cpu = 00:00:15 ; elapsed = 00:00:16 . Memory (MB): peak = 1105.887 ; gain = 32.348
---------------------------------------------------------------------------------
---------------------------------------------------------------------------------
Start Applying 'set_property' XDC Constraints
---------------------------------------------------------------------------------
Applied set_property IO_BUFFER_TYPE = NONE for sys_clock. (constraint file  d:/School/HW_security/fpga-power-side-channel-attack/Ring_Oscillator/Ring_Oscillator.srcs/sources_1/bd/design_2/ip/design_2_clk_wiz_1_0/design_2_clk_wiz_1_0/design_2_clk_wiz_1_0_in_context.xdc, line 7).
Applied set_property CLOCK_BUFFER_TYPE = NONE for sys_clock. (constraint file  d:/School/HW_security/fpga-power-side-channel-attack/Ring_Oscillator/Ring_Oscillator.srcs/sources_1/bd/design_2/ip/design_2_clk_wiz_1_0/design_2_clk_wiz_1_0/design_2_clk_wiz_1_0_in_context.xdc, line 8).
Applied set_property DONT_TOUCH = true for design_2_i. (constraint file  auto generated constraint, line ).
Applied set_property DONT_TOUCH = true for design_2_i/ila_0. (constraint file  auto generated constraint, line ).
Applied set_property DONT_TOUCH = true for design_2_i/vio_0. (constraint file  auto generated constraint, line ).
Applied set_property DONT_TOUCH = true for design_2_i/c_counter_binary_0. (constraint file  auto generated constraint, line ).
Applied set_property DONT_TOUCH = true for design_2_i/xlslice_0. (constraint file  auto generated constraint, line ).
Applied set_property DONT_TOUCH = true for design_2_i/util_vector_logic_0. (constraint file  auto generated constraint, line ).
Applied set_property DONT_TOUCH = true for design_2_i/clk_wiz_1. (constraint file  auto generated constraint, line ).
Applied set_property DONT_TOUCH = true for design_2_i/ring_osc_top_0. (constraint file  auto generated constraint, line ).
Applied set_property DONT_TOUCH = true for design_2_i/util_vector_logic_1. (constraint file  auto generated constraint, line ).
Applied set_property DONT_TOUCH = true for design_2_i/power_virus_bank_0. (constraint file  auto generated constraint, line ).
---------------------------------------------------------------------------------
Finished applying 'set_property' XDC Constraints : Time (s): cpu = 00:00:15 ; elapsed = 00:00:16 . Memory (MB): peak = 1105.887 ; gain = 32.348
---------------------------------------------------------------------------------
---------------------------------------------------------------------------------
Finished RTL Optimization Phase 2 : Time (s): cpu = 00:00:15 ; elapsed = 00:00:16 . Memory (MB): peak = 1105.887 ; gain = 32.348
---------------------------------------------------------------------------------
---------------------------------------------------------------------------------
Start RTL Component Statistics 
---------------------------------------------------------------------------------
Detailed RTL Component Info : 
---------------------------------------------------------------------------------
Finished RTL Component Statistics 
---------------------------------------------------------------------------------
---------------------------------------------------------------------------------
Start Part Resource Summary
---------------------------------------------------------------------------------
Part Resources:
DSPs: 80 (col length:40)
BRAMs: 120 (col length: RAMB18 40 RAMB36 20)
---------------------------------------------------------------------------------
Finished Part Resource Summary
---------------------------------------------------------------------------------
---------------------------------------------------------------------------------
Start Cross Boundary and Area Optimization
---------------------------------------------------------------------------------
---------------------------------------------------------------------------------
Finished Cross Boundary and Area Optimization : Time (s): cpu = 00:00:17 ; elapsed = 00:00:18 . Memory (MB): peak = 1105.887 ; gain = 32.348
---------------------------------------------------------------------------------
---------------------------------------------------------------------------------
Start Applying XDC Timing Constraints
---------------------------------------------------------------------------------
---------------------------------------------------------------------------------
Finished Applying XDC Timing Constraints : Time (s): cpu = 00:00:28 ; elapsed = 00:00:28 . Memory (MB): peak = 1150.664 ; gain = 77.125
---------------------------------------------------------------------------------
---------------------------------------------------------------------------------
Start Timing Optimization
---------------------------------------------------------------------------------
---------------------------------------------------------------------------------
Finished Timing Optimization : Time (s): cpu = 00:00:28 ; elapsed = 00:00:28 . Memory (MB): peak = 1150.664 ; gain = 77.125
---------------------------------------------------------------------------------
---------------------------------------------------------------------------------
Start Technology Mapping
---------------------------------------------------------------------------------
---------------------------------------------------------------------------------
Finished Technology Mapping : Time (s): cpu = 00:00:28 ; elapsed = 00:00:28 . Memory (MB): peak = 1170.266 ; gain = 96.727
---------------------------------------------------------------------------------
---------------------------------------------------------------------------------
Start IO Insertion
---------------------------------------------------------------------------------
---------------------------------------------------------------------------------
Start Flattening Before IO Insertion
---------------------------------------------------------------------------------
---------------------------------------------------------------------------------
Finished Flattening Before IO Insertion
---------------------------------------------------------------------------------
---------------------------------------------------------------------------------
Start Final Netlist Cleanup
---------------------------------------------------------------------------------
---------------------------------------------------------------------------------
Finished Final Netlist Cleanup
---------------------------------------------------------------------------------
---------------------------------------------------------------------------------
Finished IO Insertion : Time (s): cpu = 00:00:32 ; elapsed = 00:00:33 . Memory (MB): peak = 1176.078 ; gain = 102.539
---------------------------------------------------------------------------------
---------------------------------------------------------------------------------
Start Renaming Generated Instances
---------------------------------------------------------------------------------
---------------------------------------------------------------------------------
Finished Renaming Generated Instances : Time (s): cpu = 00:00:32 ; elapsed = 00:00:33 . Memory (MB): peak = 1176.078 ; gain = 102.539
---------------------------------------------------------------------------------
---------------------------------------------------------------------------------
Start Rebuilding User Hierarchy
---------------------------------------------------------------------------------
---------------------------------------------------------------------------------
Finished Rebuilding User Hierarchy : Time (s): cpu = 00:00:32 ; elapsed = 00:00:33 . Memory (MB): peak = 1176.078 ; gain = 102.539
---------------------------------------------------------------------------------
---------------------------------------------------------------------------------
Start Renaming Generated Ports
---------------------------------------------------------------------------------
---------------------------------------------------------------------------------
Finished Renaming Generated Ports : Time (s): cpu = 00:00:32 ; elapsed = 00:00:33 . Memory (MB): peak = 1176.078 ; gain = 102.539
---------------------------------------------------------------------------------
---------------------------------------------------------------------------------
Start Handling Custom Attributes
---------------------------------------------------------------------------------
---------------------------------------------------------------------------------
Finished Handling Custom Attributes : Time (s): cpu = 00:00:32 ; elapsed = 00:00:33 . Memory (MB): peak = 1176.078 ; gain = 102.539
---------------------------------------------------------------------------------
---------------------------------------------------------------------------------
Start Renaming Generated Nets
---------------------------------------------------------------------------------
---------------------------------------------------------------------------------
Finished Renaming Generated Nets : Time (s): cpu = 00:00:32 ; elapsed = 00:00:33 . Memory (MB): peak = 1176.078 ; gain = 102.539
---------------------------------------------------------------------------------
---------------------------------------------------------------------------------
Start Writing Synthesis Report
---------------------------------------------------------------------------------

Report BlackBoxes: 
+------+-------------------------------+----------+
|      |BlackBox name                  |Instances |
+------+-------------------------------+----------+
|1     |design_2_c_counter_binary_0_0  |         1|
|2     |design_2_clk_wiz_1_0           |         1|
|3     |design_2_ila_0_0               |         1|
|4     |design_2_power_virus_bank_0_0  |         1|
|5     |design_2_ring_osc_top_0_1      |         1|
|6     |design_2_util_vector_logic_0_0 |         1|
|7     |design_2_util_vector_logic_1_0 |         1|
|8     |design_2_vio_0_0               |         1|
+------+-------------------------------+----------+

Report Cell Usage: 
+------+-----------------------------+------+
|      |Cell                         |Count |
+------+-----------------------------+------+
|1     |design_2_c_counter_binary_0  |     1|
|2     |design_2_clk_wiz_1           |     1|
|3     |design_2_ila_0               |     1|
|4     |design_2_power_virus_bank_0  |     1|
|5     |design_2_ring_osc_top_0      |     1|
|6     |design_2_util_vector_logic_0 |     1|
|7     |design_2_util_vector_logic_1 |     1|
|8     |design_2_vio_0               |     1|
|9     |IBUF                         |     1|
+------+-----------------------------+------+
---------------------------------------------------------------------------------
Finished Writing Synthesis Report : Time (s): cpu = 00:00:33 ; elapsed = 00:00:33 . Memory (MB): peak = 1176.078 ; gain = 102.539
---------------------------------------------------------------------------------
Synthesis finished with 0 errors, 0 critical warnings and 0 warnings.
Synthesis Optimization Runtime : Time (s): cpu = 00:00:23 ; elapsed = 00:00:30 . Memory (MB): peak = 1176.078 ; gain = 70.191
Synthesis Optimization Complete : Time (s): cpu = 00:00:33 ; elapsed = 00:00:34 . Memory (MB): peak = 1176.078 ; gain = 102.539
INFO: [Project 1-571] Translating synthesized netlist
Netlist sorting complete. Time (s): cpu = 00:00:00 ; elapsed = 00:00:00.001 . Memory (MB): peak = 1188.098 ; gain = 0.000
INFO: [Project 1-570] Preparing netlist for logic optimization
INFO: [Opt 31-138] Pushed 0 inverter(s) to 0 load pin(s).
Netlist sorting complete. Time (s): cpu = 00:00:00 ; elapsed = 00:00:00 . Memory (MB): peak = 1191.703 ; gain = 0.000
INFO: [Project 1-111] Unisim Transformation Summary:
No Unisim elements were transformed.

INFO: [Common 17-83] Releasing license: Synthesis
47 Infos, 12 Warnings, 0 Critical Warnings and 0 Errors encountered.
synth_design completed successfully
synth_design: Time (s): cpu = 00:00:40 ; elapsed = 00:00:42 . Memory (MB): peak = 1191.703 ; gain = 118.164
INFO: [Common 17-600] The following parameters have non-default value.
tcl.collectionResultDisplayLimit
INFO: [Common 17-1381] The checkpoint 'D:/School/HW_security/fpga-power-side-channel-attack/Ring_Oscillator/Ring_Oscillator.runs/synth_1/design_2_wrapper.dcp' has been generated.
INFO: [runtcl-4] Executing : report_utilization -file design_2_wrapper_utilization_synth.rpt -pb design_2_wrapper_utilization_synth.pb
INFO: [Common 17-206] Exiting Vivado at Mon May  3 16:29:29 2021...
