INFO: [VRFC 10-2263] Analyzing Verilog file "D:/School/HW_security/fpga-power-side-channel-attack/Ring_Oscillator/Ring_Oscillator.sim/sim_1/synth/timing/xsim/tb_ring_osc_top_time_synth.v" into library xil_defaultlib
INFO: [VRFC 10-311] analyzing module RO_counter
INFO: [VRFC 10-311] analyzing module RO_counter_0
INFO: [VRFC 10-311] analyzing module RO_counter_1
INFO: [VRFC 10-311] analyzing module RO_counter_10
INFO: [VRFC 10-311] analyzing module RO_counter_11
INFO: [VRFC 10-311] analyzing module RO_counter_12
INFO: [VRFC 10-311] analyzing module RO_counter_13
INFO: [VRFC 10-311] analyzing module RO_counter_14
INFO: [VRFC 10-311] analyzing module RO_counter_2
INFO: [VRFC 10-311] analyzing module RO_counter_3
INFO: [VRFC 10-311] analyzing module RO_counter_4
INFO: [VRFC 10-311] analyzing module RO_counter_5
INFO: [VRFC 10-311] analyzing module RO_counter_6
INFO: [VRFC 10-311] analyzing module RO_counter_7
INFO: [VRFC 10-311] analyzing module RO_counter_8
INFO: [VRFC 10-311] analyzing module RO_counter_9
INFO: [VRFC 10-311] analyzing module TFF
INFO: [VRFC 10-311] analyzing module TFF_100
INFO: [VRFC 10-311] analyzing module TFF_101
INFO: [VRFC 10-311] analyzing module TFF_102
INFO: [VRFC 10-311] analyzing module TFF_103
INFO: [VRFC 10-311] analyzing module TFF_104
INFO: [VRFC 10-311] analyzing module TFF_105
INFO: [VRFC 10-311] analyzing module TFF_106
INFO: [VRFC 10-311] analyzing module TFF_107
INFO: [VRFC 10-311] analyzing module TFF_108
INFO: [VRFC 10-311] analyzing module TFF_109
INFO: [VRFC 10-311] analyzing module TFF_110
INFO: [VRFC 10-311] analyzing module TFF_111
INFO: [VRFC 10-311] analyzing module TFF_112
INFO: [VRFC 10-311] analyzing module TFF_113
INFO: [VRFC 10-311] analyzing module TFF_114
INFO: [VRFC 10-311] analyzing module TFF_115
INFO: [VRFC 10-311] analyzing module TFF_116
INFO: [VRFC 10-311] analyzing module TFF_117
INFO: [VRFC 10-311] analyzing module TFF_118
INFO: [VRFC 10-311] analyzing module TFF_119
INFO: [VRFC 10-311] analyzing module TFF_120
INFO: [VRFC 10-311] analyzing module TFF_121
INFO: [VRFC 10-311] analyzing module TFF_124
INFO: [VRFC 10-311] analyzing module TFF_125
INFO: [VRFC 10-311] analyzing module TFF_126
INFO: [VRFC 10-311] analyzing module TFF_127
INFO: [VRFC 10-311] analyzing module TFF_128
INFO: [VRFC 10-311] analyzing module TFF_129
INFO: [VRFC 10-311] analyzing module TFF_130
INFO: [VRFC 10-311] analyzing module TFF_131
INFO: [VRFC 10-311] analyzing module TFF_132
INFO: [VRFC 10-311] analyzing module TFF_133
INFO: [VRFC 10-311] analyzing module TFF_134
INFO: [VRFC 10-311] analyzing module TFF_135
INFO: [VRFC 10-311] analyzing module TFF_136
INFO: [VRFC 10-311] analyzing module TFF_137
INFO: [VRFC 10-311] analyzing module TFF_138
INFO: [VRFC 10-311] analyzing module TFF_139
INFO: [VRFC 10-311] analyzing module TFF_140
INFO: [VRFC 10-311] analyzing module TFF_141
INFO: [VRFC 10-311] analyzing module TFF_142
INFO: [VRFC 10-311] analyzing module TFF_143
INFO: [VRFC 10-311] analyzing module TFF_144
INFO: [VRFC 10-311] analyzing module TFF_145
INFO: [VRFC 10-311] analyzing module TFF_146
INFO: [VRFC 10-311] analyzing module TFF_147
INFO: [VRFC 10-311] analyzing module TFF_148
INFO: [VRFC 10-311] analyzing module TFF_149
INFO: [VRFC 10-311] analyzing module TFF_15
INFO: [VRFC 10-311] analyzing module TFF_150
INFO: [VRFC 10-311] analyzing module TFF_151
INFO: [VRFC 10-311] analyzing module TFF_152
INFO: [VRFC 10-311] analyzing module TFF_153
INFO: [VRFC 10-311] analyzing module TFF_154
INFO: [VRFC 10-311] analyzing module TFF_155
INFO: [VRFC 10-311] analyzing module TFF_158
INFO: [VRFC 10-311] analyzing module TFF_159
INFO: [VRFC 10-311] analyzing module TFF_16
INFO: [VRFC 10-311] analyzing module TFF_160
INFO: [VRFC 10-311] analyzing module TFF_161
INFO: [VRFC 10-311] analyzing module TFF_162
INFO: [VRFC 10-311] analyzing module TFF_163
INFO: [VRFC 10-311] analyzing module TFF_164
INFO: [VRFC 10-311] analyzing module TFF_165
INFO: [VRFC 10-311] analyzing module TFF_166
INFO: [VRFC 10-311] analyzing module TFF_167
INFO: [VRFC 10-311] analyzing module TFF_168
INFO: [VRFC 10-311] analyzing module TFF_169
INFO: [VRFC 10-311] analyzing module TFF_17
INFO: [VRFC 10-311] analyzing module TFF_170
INFO: [VRFC 10-311] analyzing module TFF_171
INFO: [VRFC 10-311] analyzing module TFF_172
INFO: [VRFC 10-311] analyzing module TFF_173
INFO: [VRFC 10-311] analyzing module TFF_174
INFO: [VRFC 10-311] analyzing module TFF_175
INFO: [VRFC 10-311] analyzing module TFF_176
INFO: [VRFC 10-311] analyzing module TFF_177
INFO: [VRFC 10-311] analyzing module TFF_178
INFO: [VRFC 10-311] analyzing module TFF_179
INFO: [VRFC 10-311] analyzing module TFF_18
INFO: [VRFC 10-311] analyzing module TFF_180
INFO: [VRFC 10-311] analyzing module TFF_181
INFO: [VRFC 10-311] analyzing module TFF_182
INFO: [VRFC 10-311] analyzing module TFF_183
INFO: [VRFC 10-311] analyzing module TFF_184
INFO: [VRFC 10-311] analyzing module TFF_185
INFO: [VRFC 10-311] analyzing module TFF_186
INFO: [VRFC 10-311] analyzing module TFF_187
INFO: [VRFC 10-311] analyzing module TFF_188
INFO: [VRFC 10-311] analyzing module TFF_189
INFO: [VRFC 10-311] analyzing module TFF_19
INFO: [VRFC 10-311] analyzing module TFF_192
INFO: [VRFC 10-311] analyzing module TFF_193
INFO: [VRFC 10-311] analyzing module TFF_194
INFO: [VRFC 10-311] analyzing module TFF_195
INFO: [VRFC 10-311] analyzing module TFF_196
INFO: [VRFC 10-311] analyzing module TFF_197
INFO: [VRFC 10-311] analyzing module TFF_198
INFO: [VRFC 10-311] analyzing module TFF_199
INFO: [VRFC 10-311] analyzing module TFF_20
INFO: [VRFC 10-311] analyzing module TFF_200
INFO: [VRFC 10-311] analyzing module TFF_201
INFO: [VRFC 10-311] analyzing module TFF_202
INFO: [VRFC 10-311] analyzing module TFF_203
INFO: [VRFC 10-311] analyzing module TFF_204
INFO: [VRFC 10-311] analyzing module TFF_205
INFO: [VRFC 10-311] analyzing module TFF_206
INFO: [VRFC 10-311] analyzing module TFF_207
INFO: [VRFC 10-311] analyzing module TFF_208
INFO: [VRFC 10-311] analyzing module TFF_209
INFO: [VRFC 10-311] analyzing module TFF_21
INFO: [VRFC 10-311] analyzing module TFF_210
INFO: [VRFC 10-311] analyzing module TFF_211
INFO: [VRFC 10-311] analyzing module TFF_212
INFO: [VRFC 10-311] analyzing module TFF_213
INFO: [VRFC 10-311] analyzing module TFF_214
INFO: [VRFC 10-311] analyzing module TFF_215
INFO: [VRFC 10-311] analyzing module TFF_216
INFO: [VRFC 10-311] analyzing module TFF_217
INFO: [VRFC 10-311] analyzing module TFF_218
INFO: [VRFC 10-311] analyzing module TFF_219
INFO: [VRFC 10-311] analyzing module TFF_22
INFO: [VRFC 10-311] analyzing module TFF_220
INFO: [VRFC 10-311] analyzing module TFF_221
INFO: [VRFC 10-311] analyzing module TFF_222
INFO: [VRFC 10-311] analyzing module TFF_223
INFO: [VRFC 10-311] analyzing module TFF_226
INFO: [VRFC 10-311] analyzing module TFF_227
INFO: [VRFC 10-311] analyzing module TFF_228
INFO: [VRFC 10-311] analyzing module TFF_229
INFO: [VRFC 10-311] analyzing module TFF_23
INFO: [VRFC 10-311] analyzing module TFF_230
INFO: [VRFC 10-311] analyzing module TFF_231
INFO: [VRFC 10-311] analyzing module TFF_232
INFO: [VRFC 10-311] analyzing module TFF_233
INFO: [VRFC 10-311] analyzing module TFF_234
INFO: [VRFC 10-311] analyzing module TFF_235
INFO: [VRFC 10-311] analyzing module TFF_236
INFO: [VRFC 10-311] analyzing module TFF_237
INFO: [VRFC 10-311] analyzing module TFF_238
INFO: [VRFC 10-311] analyzing module TFF_239
INFO: [VRFC 10-311] analyzing module TFF_24
INFO: [VRFC 10-311] analyzing module TFF_240
INFO: [VRFC 10-311] analyzing module TFF_241
INFO: [VRFC 10-311] analyzing module TFF_242
INFO: [VRFC 10-311] analyzing module TFF_243
INFO: [VRFC 10-311] analyzing module TFF_244
INFO: [VRFC 10-311] analyzing module TFF_245
INFO: [VRFC 10-311] analyzing module TFF_246
INFO: [VRFC 10-311] analyzing module TFF_247
INFO: [VRFC 10-311] analyzing module TFF_248
INFO: [VRFC 10-311] analyzing module TFF_249
INFO: [VRFC 10-311] analyzing module TFF_25
INFO: [VRFC 10-311] analyzing module TFF_250
INFO: [VRFC 10-311] analyzing module TFF_251
INFO: [VRFC 10-311] analyzing module TFF_252
INFO: [VRFC 10-311] analyzing module TFF_253
INFO: [VRFC 10-311] analyzing module TFF_254
INFO: [VRFC 10-311] analyzing module TFF_255
INFO: [VRFC 10-311] analyzing module TFF_256
INFO: [VRFC 10-311] analyzing module TFF_257
INFO: [VRFC 10-311] analyzing module TFF_26
INFO: [VRFC 10-311] analyzing module TFF_260
INFO: [VRFC 10-311] analyzing module TFF_261
INFO: [VRFC 10-311] analyzing module TFF_262
INFO: [VRFC 10-311] analyzing module TFF_263
INFO: [VRFC 10-311] analyzing module TFF_264
INFO: [VRFC 10-311] analyzing module TFF_265
INFO: [VRFC 10-311] analyzing module TFF_266
INFO: [VRFC 10-311] analyzing module TFF_267
INFO: [VRFC 10-311] analyzing module TFF_268
INFO: [VRFC 10-311] analyzing module TFF_269
INFO: [VRFC 10-311] analyzing module TFF_27
INFO: [VRFC 10-311] analyzing module TFF_270
INFO: [VRFC 10-311] analyzing module TFF_271
INFO: [VRFC 10-311] analyzing module TFF_272
INFO: [VRFC 10-311] analyzing module TFF_273
INFO: [VRFC 10-311] analyzing module TFF_274
INFO: [VRFC 10-311] analyzing module TFF_275
INFO: [VRFC 10-311] analyzing module TFF_276
INFO: [VRFC 10-311] analyzing module TFF_277
INFO: [VRFC 10-311] analyzing module TFF_278
INFO: [VRFC 10-311] analyzing module TFF_279
INFO: [VRFC 10-311] analyzing module TFF_28
INFO: [VRFC 10-311] analyzing module TFF_280
INFO: [VRFC 10-311] analyzing module TFF_281
INFO: [VRFC 10-311] analyzing module TFF_282
INFO: [VRFC 10-311] analyzing module TFF_283
INFO: [VRFC 10-311] analyzing module TFF_284
INFO: [VRFC 10-311] analyzing module TFF_285
INFO: [VRFC 10-311] analyzing module TFF_286
INFO: [VRFC 10-311] analyzing module TFF_287
INFO: [VRFC 10-311] analyzing module TFF_288
INFO: [VRFC 10-311] analyzing module TFF_289
INFO: [VRFC 10-311] analyzing module TFF_29
INFO: [VRFC 10-311] analyzing module TFF_290
INFO: [VRFC 10-311] analyzing module TFF_291
INFO: [VRFC 10-311] analyzing module TFF_294
INFO: [VRFC 10-311] analyzing module TFF_295
INFO: [VRFC 10-311] analyzing module TFF_296
INFO: [VRFC 10-311] analyzing module TFF_297
INFO: [VRFC 10-311] analyzing module TFF_298
INFO: [VRFC 10-311] analyzing module TFF_299
INFO: [VRFC 10-311] analyzing module TFF_30
INFO: [VRFC 10-311] analyzing module TFF_300
INFO: [VRFC 10-311] analyzing module TFF_301
INFO: [VRFC 10-311] analyzing module TFF_302
INFO: [VRFC 10-311] analyzing module TFF_303
INFO: [VRFC 10-311] analyzing module TFF_304
INFO: [VRFC 10-311] analyzing module TFF_305
INFO: [VRFC 10-311] analyzing module TFF_306
INFO: [VRFC 10-311] analyzing module TFF_307
INFO: [VRFC 10-311] analyzing module TFF_308
INFO: [VRFC 10-311] analyzing module TFF_309
INFO: [VRFC 10-311] analyzing module TFF_31
INFO: [VRFC 10-311] analyzing module TFF_310
INFO: [VRFC 10-311] analyzing module TFF_311
INFO: [VRFC 10-311] analyzing module TFF_312
INFO: [VRFC 10-311] analyzing module TFF_313
INFO: [VRFC 10-311] analyzing module TFF_314
INFO: [VRFC 10-311] analyzing module TFF_315
INFO: [VRFC 10-311] analyzing module TFF_316
INFO: [VRFC 10-311] analyzing module TFF_317
INFO: [VRFC 10-311] analyzing module TFF_318
INFO: [VRFC 10-311] analyzing module TFF_319
INFO: [VRFC 10-311] analyzing module TFF_32
INFO: [VRFC 10-311] analyzing module TFF_320
INFO: [VRFC 10-311] analyzing module TFF_321
INFO: [VRFC 10-311] analyzing module TFF_322
INFO: [VRFC 10-311] analyzing module TFF_323
INFO: [VRFC 10-311] analyzing module TFF_324
INFO: [VRFC 10-311] analyzing module TFF_325
INFO: [VRFC 10-311] analyzing module TFF_328
INFO: [VRFC 10-311] analyzing module TFF_329
INFO: [VRFC 10-311] analyzing module TFF_33
INFO: [VRFC 10-311] analyzing module TFF_330
INFO: [VRFC 10-311] analyzing module TFF_331
INFO: [VRFC 10-311] analyzing module TFF_332
INFO: [VRFC 10-311] analyzing module TFF_333
INFO: [VRFC 10-311] analyzing module TFF_334
INFO: [VRFC 10-311] analyzing module TFF_335
INFO: [VRFC 10-311] analyzing module TFF_336
INFO: [VRFC 10-311] analyzing module TFF_337
INFO: [VRFC 10-311] analyzing module TFF_338
INFO: [VRFC 10-311] analyzing module TFF_339
INFO: [VRFC 10-311] analyzing module TFF_34
INFO: [VRFC 10-311] analyzing module TFF_340
INFO: [VRFC 10-311] analyzing module TFF_341
INFO: [VRFC 10-311] analyzing module TFF_342
INFO: [VRFC 10-311] analyzing module TFF_343
INFO: [VRFC 10-311] analyzing module TFF_344
INFO: [VRFC 10-311] analyzing module TFF_345
INFO: [VRFC 10-311] analyzing module TFF_346
INFO: [VRFC 10-311] analyzing module TFF_347
INFO: [VRFC 10-311] analyzing module TFF_348
INFO: [VRFC 10-311] analyzing module TFF_349
INFO: [VRFC 10-311] analyzing module TFF_35
INFO: [VRFC 10-311] analyzing module TFF_350
INFO: [VRFC 10-311] analyzing module TFF_351
INFO: [VRFC 10-311] analyzing module TFF_352
INFO: [VRFC 10-311] analyzing module TFF_353
INFO: [VRFC 10-311] analyzing module TFF_354
INFO: [VRFC 10-311] analyzing module TFF_355
INFO: [VRFC 10-311] analyzing module TFF_356
INFO: [VRFC 10-311] analyzing module TFF_357
INFO: [VRFC 10-311] analyzing module TFF_358
INFO: [VRFC 10-311] analyzing module TFF_359
INFO: [VRFC 10-311] analyzing module TFF_36
INFO: [VRFC 10-311] analyzing module TFF_362
INFO: [VRFC 10-311] analyzing module TFF_363
INFO: [VRFC 10-311] analyzing module TFF_364
INFO: [VRFC 10-311] analyzing module TFF_365
INFO: [VRFC 10-311] analyzing module TFF_366
INFO: [VRFC 10-311] analyzing module TFF_367
INFO: [VRFC 10-311] analyzing module TFF_368
INFO: [VRFC 10-311] analyzing module TFF_369
INFO: [VRFC 10-311] analyzing module TFF_37
INFO: [VRFC 10-311] analyzing module TFF_370
INFO: [VRFC 10-311] analyzing module TFF_371
INFO: [VRFC 10-311] analyzing module TFF_372
INFO: [VRFC 10-311] analyzing module TFF_373
INFO: [VRFC 10-311] analyzing module TFF_374
INFO: [VRFC 10-311] analyzing module TFF_375
INFO: [VRFC 10-311] analyzing module TFF_376
INFO: [VRFC 10-311] analyzing module TFF_377
INFO: [VRFC 10-311] analyzing module TFF_378
INFO: [VRFC 10-311] analyzing module TFF_379
INFO: [VRFC 10-311] analyzing module TFF_38
INFO: [VRFC 10-311] analyzing module TFF_380
INFO: [VRFC 10-311] analyzing module TFF_381
INFO: [VRFC 10-311] analyzing module TFF_382
INFO: [VRFC 10-311] analyzing module TFF_383
INFO: [VRFC 10-311] analyzing module TFF_384
INFO: [VRFC 10-311] analyzing module TFF_385
INFO: [VRFC 10-311] analyzing module TFF_386
INFO: [VRFC 10-311] analyzing module TFF_387
INFO: [VRFC 10-311] analyzing module TFF_388
INFO: [VRFC 10-311] analyzing module TFF_389
INFO: [VRFC 10-311] analyzing module TFF_39
INFO: [VRFC 10-311] analyzing module TFF_390
INFO: [VRFC 10-311] analyzing module TFF_391
INFO: [VRFC 10-311] analyzing module TFF_392
INFO: [VRFC 10-311] analyzing module TFF_393
INFO: [VRFC 10-311] analyzing module TFF_396
INFO: [VRFC 10-311] analyzing module TFF_397
INFO: [VRFC 10-311] analyzing module TFF_398
INFO: [VRFC 10-311] analyzing module TFF_399
INFO: [VRFC 10-311] analyzing module TFF_40
INFO: [VRFC 10-311] analyzing module TFF_400
INFO: [VRFC 10-311] analyzing module TFF_401
INFO: [VRFC 10-311] analyzing module TFF_402
INFO: [VRFC 10-311] analyzing module TFF_403
INFO: [VRFC 10-311] analyzing module TFF_404
INFO: [VRFC 10-311] analyzing module TFF_405
INFO: [VRFC 10-311] analyzing module TFF_406
INFO: [VRFC 10-311] analyzing module TFF_407
INFO: [VRFC 10-311] analyzing module TFF_408
INFO: [VRFC 10-311] analyzing module TFF_409
INFO: [VRFC 10-311] analyzing module TFF_41
INFO: [VRFC 10-311] analyzing module TFF_410
INFO: [VRFC 10-311] analyzing module TFF_411
INFO: [VRFC 10-311] analyzing module TFF_412
INFO: [VRFC 10-311] analyzing module TFF_413
INFO: [VRFC 10-311] analyzing module TFF_414
INFO: [VRFC 10-311] analyzing module TFF_415
INFO: [VRFC 10-311] analyzing module TFF_416
INFO: [VRFC 10-311] analyzing module TFF_417
INFO: [VRFC 10-311] analyzing module TFF_418
INFO: [VRFC 10-311] analyzing module TFF_419
INFO: [VRFC 10-311] analyzing module TFF_42
INFO: [VRFC 10-311] analyzing module TFF_420
INFO: [VRFC 10-311] analyzing module TFF_421
INFO: [VRFC 10-311] analyzing module TFF_422
INFO: [VRFC 10-311] analyzing module TFF_423
INFO: [VRFC 10-311] analyzing module TFF_424
INFO: [VRFC 10-311] analyzing module TFF_425
INFO: [VRFC 10-311] analyzing module TFF_426
INFO: [VRFC 10-311] analyzing module TFF_427
INFO: [VRFC 10-311] analyzing module TFF_43
INFO: [VRFC 10-311] analyzing module TFF_430
INFO: [VRFC 10-311] analyzing module TFF_431
INFO: [VRFC 10-311] analyzing module TFF_432
INFO: [VRFC 10-311] analyzing module TFF_433
INFO: [VRFC 10-311] analyzing module TFF_434
INFO: [VRFC 10-311] analyzing module TFF_435
INFO: [VRFC 10-311] analyzing module TFF_436
INFO: [VRFC 10-311] analyzing module TFF_437
INFO: [VRFC 10-311] analyzing module TFF_438
INFO: [VRFC 10-311] analyzing module TFF_439
INFO: [VRFC 10-311] analyzing module TFF_44
INFO: [VRFC 10-311] analyzing module TFF_440
INFO: [VRFC 10-311] analyzing module TFF_441
INFO: [VRFC 10-311] analyzing module TFF_442
INFO: [VRFC 10-311] analyzing module TFF_443
INFO: [VRFC 10-311] analyzing module TFF_444
INFO: [VRFC 10-311] analyzing module TFF_445
INFO: [VRFC 10-311] analyzing module TFF_446
INFO: [VRFC 10-311] analyzing module TFF_447
INFO: [VRFC 10-311] analyzing module TFF_448
INFO: [VRFC 10-311] analyzing module TFF_449
INFO: [VRFC 10-311] analyzing module TFF_45
INFO: [VRFC 10-311] analyzing module TFF_450
INFO: [VRFC 10-311] analyzing module TFF_451
INFO: [VRFC 10-311] analyzing module TFF_452
INFO: [VRFC 10-311] analyzing module TFF_453
INFO: [VRFC 10-311] analyzing module TFF_454
INFO: [VRFC 10-311] analyzing module TFF_455
INFO: [VRFC 10-311] analyzing module TFF_456
INFO: [VRFC 10-311] analyzing module TFF_457
INFO: [VRFC 10-311] analyzing module TFF_458
INFO: [VRFC 10-311] analyzing module TFF_459
INFO: [VRFC 10-311] analyzing module TFF_46
INFO: [VRFC 10-311] analyzing module TFF_460
INFO: [VRFC 10-311] analyzing module TFF_461
INFO: [VRFC 10-311] analyzing module TFF_464
INFO: [VRFC 10-311] analyzing module TFF_465
INFO: [VRFC 10-311] analyzing module TFF_466
INFO: [VRFC 10-311] analyzing module TFF_467
INFO: [VRFC 10-311] analyzing module TFF_468
INFO: [VRFC 10-311] analyzing module TFF_469
INFO: [VRFC 10-311] analyzing module TFF_47
INFO: [VRFC 10-311] analyzing module TFF_470
INFO: [VRFC 10-311] analyzing module TFF_471
INFO: [VRFC 10-311] analyzing module TFF_472
INFO: [VRFC 10-311] analyzing module TFF_473
INFO: [VRFC 10-311] analyzing module TFF_474
INFO: [VRFC 10-311] analyzing module TFF_475
INFO: [VRFC 10-311] analyzing module TFF_476
INFO: [VRFC 10-311] analyzing module TFF_477
INFO: [VRFC 10-311] analyzing module TFF_478
INFO: [VRFC 10-311] analyzing module TFF_479
INFO: [VRFC 10-311] analyzing module TFF_48
INFO: [VRFC 10-311] analyzing module TFF_480
INFO: [VRFC 10-311] analyzing module TFF_481
INFO: [VRFC 10-311] analyzing module TFF_482
INFO: [VRFC 10-311] analyzing module TFF_483
INFO: [VRFC 10-311] analyzing module TFF_484
INFO: [VRFC 10-311] analyzing module TFF_485
INFO: [VRFC 10-311] analyzing module TFF_486
INFO: [VRFC 10-311] analyzing module TFF_487
INFO: [VRFC 10-311] analyzing module TFF_488
INFO: [VRFC 10-311] analyzing module TFF_489
INFO: [VRFC 10-311] analyzing module TFF_49
INFO: [VRFC 10-311] analyzing module TFF_490
INFO: [VRFC 10-311] analyzing module TFF_491
INFO: [VRFC 10-311] analyzing module TFF_492
INFO: [VRFC 10-311] analyzing module TFF_493
INFO: [VRFC 10-311] analyzing module TFF_494
INFO: [VRFC 10-311] analyzing module TFF_495
INFO: [VRFC 10-311] analyzing module TFF_498
INFO: [VRFC 10-311] analyzing module TFF_499
INFO: [VRFC 10-311] analyzing module TFF_50
INFO: [VRFC 10-311] analyzing module TFF_500
INFO: [VRFC 10-311] analyzing module TFF_501
INFO: [VRFC 10-311] analyzing module TFF_502
INFO: [VRFC 10-311] analyzing module TFF_503
INFO: [VRFC 10-311] analyzing module TFF_504
INFO: [VRFC 10-311] analyzing module TFF_505
INFO: [VRFC 10-311] analyzing module TFF_506
INFO: [VRFC 10-311] analyzing module TFF_507
INFO: [VRFC 10-311] analyzing module TFF_508
INFO: [VRFC 10-311] analyzing module TFF_509
INFO: [VRFC 10-311] analyzing module TFF_51
INFO: [VRFC 10-311] analyzing module TFF_510
INFO: [VRFC 10-311] analyzing module TFF_511
INFO: [VRFC 10-311] analyzing module TFF_512
INFO: [VRFC 10-311] analyzing module TFF_513
INFO: [VRFC 10-311] analyzing module TFF_514
INFO: [VRFC 10-311] analyzing module TFF_515
INFO: [VRFC 10-311] analyzing module TFF_516
INFO: [VRFC 10-311] analyzing module TFF_517
INFO: [VRFC 10-311] analyzing module TFF_518
INFO: [VRFC 10-311] analyzing module TFF_519
INFO: [VRFC 10-311] analyzing module TFF_52
INFO: [VRFC 10-311] analyzing module TFF_520
INFO: [VRFC 10-311] analyzing module TFF_521
INFO: [VRFC 10-311] analyzing module TFF_522
INFO: [VRFC 10-311] analyzing module TFF_523
INFO: [VRFC 10-311] analyzing module TFF_524
INFO: [VRFC 10-311] analyzing module TFF_525
INFO: [VRFC 10-311] analyzing module TFF_526
INFO: [VRFC 10-311] analyzing module TFF_527
INFO: [VRFC 10-311] analyzing module TFF_528
INFO: [VRFC 10-311] analyzing module TFF_529
INFO: [VRFC 10-311] analyzing module TFF_53
INFO: [VRFC 10-311] analyzing module TFF_532
INFO: [VRFC 10-311] analyzing module TFF_533
INFO: [VRFC 10-311] analyzing module TFF_534
INFO: [VRFC 10-311] analyzing module TFF_535
INFO: [VRFC 10-311] analyzing module TFF_536
INFO: [VRFC 10-311] analyzing module TFF_537
INFO: [VRFC 10-311] analyzing module TFF_538
INFO: [VRFC 10-311] analyzing module TFF_539
INFO: [VRFC 10-311] analyzing module TFF_540
INFO: [VRFC 10-311] analyzing module TFF_541
INFO: [VRFC 10-311] analyzing module TFF_542
INFO: [VRFC 10-311] analyzing module TFF_543
INFO: [VRFC 10-311] analyzing module TFF_544
INFO: [VRFC 10-311] analyzing module TFF_545
INFO: [VRFC 10-311] analyzing module TFF_546
INFO: [VRFC 10-311] analyzing module TFF_547
INFO: [VRFC 10-311] analyzing module TFF_548
INFO: [VRFC 10-311] analyzing module TFF_549
INFO: [VRFC 10-311] analyzing module TFF_550
INFO: [VRFC 10-311] analyzing module TFF_551
INFO: [VRFC 10-311] analyzing module TFF_552
INFO: [VRFC 10-311] analyzing module TFF_553
INFO: [VRFC 10-311] analyzing module TFF_554
INFO: [VRFC 10-311] analyzing module TFF_555
INFO: [VRFC 10-311] analyzing module TFF_556
INFO: [VRFC 10-311] analyzing module TFF_557
INFO: [VRFC 10-311] analyzing module TFF_558
INFO: [VRFC 10-311] analyzing module TFF_559
INFO: [VRFC 10-311] analyzing module TFF_56
INFO: [VRFC 10-311] analyzing module TFF_560
INFO: [VRFC 10-311] analyzing module TFF_561
INFO: [VRFC 10-311] analyzing module TFF_562
INFO: [VRFC 10-311] analyzing module TFF_563
INFO: [VRFC 10-311] analyzing module TFF_57
INFO: [VRFC 10-311] analyzing module TFF_58
INFO: [VRFC 10-311] analyzing module TFF_59
INFO: [VRFC 10-311] analyzing module TFF_60
INFO: [VRFC 10-311] analyzing module TFF_61
INFO: [VRFC 10-311] analyzing module TFF_62
INFO: [VRFC 10-311] analyzing module TFF_63
INFO: [VRFC 10-311] analyzing module TFF_64
INFO: [VRFC 10-311] analyzing module TFF_65
INFO: [VRFC 10-311] analyzing module TFF_66
INFO: [VRFC 10-311] analyzing module TFF_67
INFO: [VRFC 10-311] analyzing module TFF_68
INFO: [VRFC 10-311] analyzing module TFF_69
INFO: [VRFC 10-311] analyzing module TFF_70
INFO: [VRFC 10-311] analyzing module TFF_71
INFO: [VRFC 10-311] analyzing module TFF_72
INFO: [VRFC 10-311] analyzing module TFF_73
INFO: [VRFC 10-311] analyzing module TFF_74
INFO: [VRFC 10-311] analyzing module TFF_75
INFO: [VRFC 10-311] analyzing module TFF_76
INFO: [VRFC 10-311] analyzing module TFF_77
INFO: [VRFC 10-311] analyzing module TFF_78
INFO: [VRFC 10-311] analyzing module TFF_79
INFO: [VRFC 10-311] analyzing module TFF_80
INFO: [VRFC 10-311] analyzing module TFF_81
INFO: [VRFC 10-311] analyzing module TFF_82
INFO: [VRFC 10-311] analyzing module TFF_83
INFO: [VRFC 10-311] analyzing module TFF_84
INFO: [VRFC 10-311] analyzing module TFF_85
INFO: [VRFC 10-311] analyzing module TFF_86
INFO: [VRFC 10-311] analyzing module TFF_87
INFO: [VRFC 10-311] analyzing module TFF_90
INFO: [VRFC 10-311] analyzing module TFF_91
INFO: [VRFC 10-311] analyzing module TFF_92
INFO: [VRFC 10-311] analyzing module TFF_93
INFO: [VRFC 10-311] analyzing module TFF_94
INFO: [VRFC 10-311] analyzing module TFF_95
INFO: [VRFC 10-311] analyzing module TFF_96
INFO: [VRFC 10-311] analyzing module TFF_97
INFO: [VRFC 10-311] analyzing module TFF_98
INFO: [VRFC 10-311] analyzing module TFF_99
INFO: [VRFC 10-311] analyzing module adder_tree16_32
INFO: [VRFC 10-311] analyzing module counter
INFO: [VRFC 10-311] analyzing module counter_123
INFO: [VRFC 10-311] analyzing module counter_157
INFO: [VRFC 10-311] analyzing module counter_191
INFO: [VRFC 10-311] analyzing module counter_225
INFO: [VRFC 10-311] analyzing module counter_259
INFO: [VRFC 10-311] analyzing module counter_293
INFO: [VRFC 10-311] analyzing module counter_327
INFO: [VRFC 10-311] analyzing module counter_361
INFO: [VRFC 10-311] analyzing module counter_395
INFO: [VRFC 10-311] analyzing module counter_429
INFO: [VRFC 10-311] analyzing module counter_463
INFO: [VRFC 10-311] analyzing module counter_497
INFO: [VRFC 10-311] analyzing module counter_531
INFO: [VRFC 10-311] analyzing module counter_55
INFO: [VRFC 10-311] analyzing module counter_89
INFO: [VRFC 10-311] analyzing module counter__parameterized0
INFO: [VRFC 10-311] analyzing module ring_osc_top
INFO: [VRFC 10-311] analyzing module ring_oscx
INFO: [VRFC 10-311] analyzing module ring_oscx_122
INFO: [VRFC 10-311] analyzing module ring_oscx_156
INFO: [VRFC 10-311] analyzing module ring_oscx_190
INFO: [VRFC 10-311] analyzing module ring_oscx_224
INFO: [VRFC 10-311] analyzing module ring_oscx_258
INFO: [VRFC 10-311] analyzing module ring_oscx_292
INFO: [VRFC 10-311] analyzing module ring_oscx_326
INFO: [VRFC 10-311] analyzing module ring_oscx_360
INFO: [VRFC 10-311] analyzing module ring_oscx_394
INFO: [VRFC 10-311] analyzing module ring_oscx_428
INFO: [VRFC 10-311] analyzing module ring_oscx_462
INFO: [VRFC 10-311] analyzing module ring_oscx_496
INFO: [VRFC 10-311] analyzing module ring_oscx_530
INFO: [VRFC 10-311] analyzing module ring_oscx_54
INFO: [VRFC 10-311] analyzing module ring_oscx_88
INFO: [VRFC 10-311] analyzing module glbl
INFO: [VRFC 10-2263] Analyzing Verilog file "D:/School/HW_security/fpga-power-side-channel-attack/Ring_Oscillator/Ring_Oscillator.srcs/sim_1/new/tb_ring_osc_top.v" into library xil_defaultlib
INFO: [VRFC 10-311] analyzing module tb_ring_osc_top
WARNING: [VRFC 10-8374] loop variable declaration is not allowed in this mode of Verilog [D:/School/HW_security/fpga-power-side-channel-attack/Ring_Oscillator/Ring_Oscillator.srcs/sim_1/new/tb_ring_osc_top.v:51]
INFO: [VRFC 10-2263] Analyzing Verilog file "D:/School/HW_security/fpga-power-side-channel-attack/Ring_Oscillator/Ring_Oscillator.srcs/sources_1/new/ring_osc.v" into library xil_defaultlib
INFO: [VRFC 10-311] analyzing module ring_oscx
WARNING: [VRFC 10-3609] overwriting previous definition of module 'ring_oscx' [D:/School/HW_security/fpga-power-side-channel-attack/Ring_Oscillator/Ring_Oscillator.srcs/sources_1/new/ring_osc.v:23]
